1773654470.700495 client started (55657): version 3.6a, socket /private/tmp/tmux-501/default, protocol 8
1773654470.700529 on Darwin 25.1.0 Darwin Kernel Version 25.1.0: Mon Oct 20 19:32:47 PDT 2025; root:xnu-12377.41.6~2/RELEASE_ARM64_T8103
1773654470.700535 using libevent 2.1.12-stable select
1773654470.700808 using utf8proc 2.11.3
1773654470.700817 using ncurses 6.5 20240427
1773654470.700830 flags are 0x10010000
1773654470.700835 socket is /private/tmp/tmux-501/default
1773654470.700843 trying connect
1773654470.700866 add peer 0x104825b40: 6 (0x0)
1773654470.700929 sending message 111 to peer 0x104825b40 (8 bytes)
1773654470.700935 sending message 111 to peer 0x104825b40 (8 bytes)
1773654470.700938 sending message 101 to peer 0x104825b40 (16 bytes)
1773654470.700941 sending message 109 to peer 0x104825b40 (4 bytes)
1773654470.700945 sending message 102 to peer 0x104825b40 (1 bytes)
1773654470.700948 sending message 108 to peer 0x104825b40 (27 bytes)
1773654470.700952 sending message 104 to peer 0x104825b40 (0 bytes)
1773654470.700956 sending message 110 to peer 0x104825b40 (0 bytes)
1773654470.700959 sending message 107 to peer 0x104825b40 (4 bytes)
1773654470.700964 sending message 105 to peer 0x104825b40 (98 bytes)
1773654470.700967 sending message 105 to peer 0x104825b40 (57 bytes)
1773654470.700971 sending message 105 to peer 0x104825b40 (17 bytes)
1773654470.700974 sending message 105 to peer 0x104825b40 (34 bytes)
1773654470.700977 sending message 105 to peer 0x104825b40 (19 bytes)
1773654470.700980 sending message 105 to peer 0x104825b40 (12 bytes)
1773654470.700983 sending message 105 to peer 0x104825b40 (27 bytes)
1773654470.700986 sending message 105 to peer 0x104825b40 (32 bytes)
1773654470.700989 sending message 105 to peer 0x104825b40 (22 bytes)
1773654470.700992 sending message 105 to peer 0x104825b40 (20 bytes)
1773654470.700995 sending message 105 to peer 0x104825b40 (31 bytes)
1773654470.700998 sending message 105 to peer 0x104825b40 (16 bytes)
1773654470.701001 sending message 105 to peer 0x104825b40 (11 bytes)
1773654470.701004 sending message 105 to peer 0x104825b40 (13 bytes)
1773654470.701007 sending message 105 to peer 0x104825b40 (66 bytes)
1773654470.701010 sending message 105 to peer 0x104825b40 (26 bytes)
1773654470.701013 sending message 105 to peer 0x104825b40 (16 bytes)
1773654470.701016 sending message 105 to peer 0x104825b40 (15 bytes)
1773654470.701019 sending message 105 to peer 0x104825b40 (21 bytes)
1773654470.701022 sending message 105 to peer 0x104825b40 (15 bytes)
1773654470.701025 sending message 105 to peer 0x104825b40 (57 bytes)
1773654470.701029 sending message 105 to peer 0x104825b40 (8 bytes)
1773654470.701032 sending message 105 to peer 0x104825b40 (18 bytes)
1773654470.701035 sending message 105 to peer 0x104825b40 (26 bytes)
1773654470.701038 sending message 105 to peer 0x104825b40 (34 bytes)
1773654470.701041 sending message 105 to peer 0x104825b40 (61 bytes)
1773654470.701044 sending message 105 to peer 0x104825b40 (41 bytes)
1773654470.701047 sending message 105 to peer 0x104825b40 (37 bytes)
1773654470.701050 sending message 105 to peer 0x104825b40 (769 bytes)
1773654470.701053 sending message 105 to peer 0x104825b40 (27 bytes)
1773654470.701056 sending message 105 to peer 0x104825b40 (17 bytes)
1773654470.701059 sending message 105 to peer 0x104825b40 (30 bytes)
1773654470.701062 sending message 105 to peer 0x104825b40 (75 bytes)
1773654470.701065 sending message 105 to peer 0x104825b40 (14 bytes)
1773654470.701068 sending message 105 to peer 0x104825b40 (46 bytes)
1773654470.701071 sending message 105 to peer 0x104825b40 (18 bytes)
1773654470.701074 sending message 105 to peer 0x104825b40 (19 bytes)
1773654470.701077 sending message 105 to peer 0x104825b40 (12 bytes)
1773654470.701080 sending message 105 to peer 0x104825b40 (109 bytes)
1773654470.701083 sending message 105 to peer 0x104825b40 (60 bytes)
1773654470.701086 sending message 105 to peer 0x104825b40 (22 bytes)
1773654470.701089 sending message 105 to peer 0x104825b40 (19 bytes)
1773654470.701092 sending message 105 to peer 0x104825b40 (23 bytes)
1773654470.701100 sending message 105 to peer 0x104825b40 (10 bytes)
1773654470.701103 sending message 105 to peer 0x104825b40 (22 bytes)
1773654470.701105 sending message 105 to peer 0x104825b40 (43 bytes)
1773654470.701108 sending message 105 to peer 0x104825b40 (43 bytes)
1773654470.701111 sending message 105 to peer 0x104825b40 (8 bytes)
1773654470.701113 sending message 105 to peer 0x104825b40 (41 bytes)
1773654470.701115 sending message 105 to peer 0x104825b40 (106 bytes)
1773654470.701118 sending message 105 to peer 0x104825b40 (63 bytes)
1773654470.701120 sending message 105 to peer 0x104825b40 (27 bytes)
1773654470.701123 sending message 105 to peer 0x104825b40 (25 bytes)
1773654470.701125 sending message 106 to peer 0x104825b40 (0 bytes)
1773654470.701155 cmd_pack_argv: argv[0]=new-session
1773654470.701158 cmd_pack_argv: argv[1]=-d
1773654470.701161 sending message 200 to peer 0x104825b40 (19 bytes)
1773654470.701164 client loop enter
1773654470.703133 peer 0x104825b40 message 203
1773654470.703179 client loop exit
